<?xml version="1.0" encoding="UTF-8"?>
<testng-results skipped="0" failed="1" ignored="0" total="1" passed="0">
  <reporter-output>
  </reporter-output>
  <suite name="Default suite" duration-ms="485404" started-at="2019-05-24T05:10:52Z" finished-at="2019-05-24T05:18:57Z">
    <groups>
      <group name="cucumber">
        <method signature="AbstractTestNGCucumberTests.feature(cucumber.api.testng.CucumberFeatureWrapper)[pri:0, instance:com.testrunner.ss.TestRunner@4f970963]" name="feature" class="cucumber.api.testng.AbstractTestNGCucumberTests"/>
      </group> <!-- cucumber -->
    </groups>
    <test name="Default test" duration-ms="485404" started-at="2019-05-24T05:10:52Z" finished-at="2019-05-24T05:18:57Z">
      <class name="com.testrunner.ss.TestRunner">
        <test-method status="PASS" signature="beforeTest()[pri:0, instance:com.testrunner.ss.TestRunner@4f970963]" name="beforeTest" is-config="true" duration-ms="10" started-at="2019-05-24T05:10:52Z" finished-at="2019-05-24T05:10:52Z">
          <reporter-output>
          </reporter-output>
        </test-method> <!-- beforeTest -->
        <test-method status="PASS" signature="setUpClass()[pri:0, instance:com.testrunner.ss.TestRunner@4f970963]" name="setUpClass" is-config="true" duration-ms="380" started-at="2019-05-24T05:10:52Z" finished-at="2019-05-24T05:10:52Z">
          <reporter-output>
          </reporter-output>
        </test-method> <!-- setUpClass -->
        <test-method status="PASS" signature="setUp()[pri:0, instance:com.testrunner.ss.TestRunner@4f970963]" name="setUp" is-config="true" duration-ms="8929" started-at="2019-05-24T05:10:52Z" finished-at="2019-05-24T05:11:01Z">
          <reporter-output>
          </reporter-output>
        </test-method> <!-- setUp -->
        <test-method status="FAIL" signature="feature(cucumber.api.testng.CucumberFeatureWrapper)[pri:0, instance:com.testrunner.ss.TestRunner@4f970963]" name="feature" duration-ms="474198" started-at="2019-05-24T05:11:01Z" description="Runs Cucumber Feature" data-provider="features" finished-at="2019-05-24T05:18:56Z">
          <params>
            <param index="0">
              <value>
                <![CDATA[Create a company through the invitation email]]>
              </value>
            </param>
          </params>
          <exception class="cucumber.runtime.CucumberException">
            <message>
              <![CDATA[java.lang.AssertionError: The following asserts failed:
Count of rows in verified user report is not equal to the number of users on UI  expected [46] but found [17],
Count of rows in incomplete survey results report is not equal to the number of users on UI  expected [77] but found [72],
TRX_RCVD and processed count is not correct. expected [1] but found [2],
Completed count is not correct. expected [1] but found [0],
Completed percentage is not correct. expected [(100%)] but found [(0%)],
Incompleted count is not correct. expected [0] but found [2],
Incompleted percentage is not correct. expected [(0%)] but found [(100%)],
TRX_RCVD and processed count is not correct. expected [1] but found [5],
Completed count is not correct. expected [1] but found [5],
Completed percentage is not correct. expected [(100%)] but found [100],
Incompleted percentage is not correct. expected [(0%)] but found [0]]]>
            </message>
            <full-stacktrace>
              <![CDATA[cucumber.runtime.CucumberException: java.lang.AssertionError: The following asserts failed:
Count of rows in verified user report is not equal to the number of users on UI  expected [46] but found [17],
Count of rows in incomplete survey results report is not equal to the number of users on UI  expected [77] but found [72],
TRX_RCVD and processed count is not correct. expected [1] but found [2],
Completed count is not correct. expected [1] but found [0],
Completed percentage is not correct. expected [(100%)] but found [(0%)],
Incompleted count is not correct. expected [0] but found [2],
Incompleted percentage is not correct. expected [(0%)] but found [(100%)],
TRX_RCVD and processed count is not correct. expected [1] but found [5],
Completed count is not correct. expected [1] but found [5],
Completed percentage is not correct. expected [(100%)] but found [100],
Incompleted percentage is not correct. expected [(0%)] but found [0]
at cucumber.api.testng.TestNGCucumberRunner.runCucumber(TestNGCucumberRunner.java:69)
at cucumber.api.testng.AbstractTestNGCucumberTests.feature(AbstractTestNGCucumberTests.java:21)
at sun.reflect.NativeMethodAccessorImpl.invoke0(Native Method)
at sun.reflect.NativeMethodAccessorImpl.invoke(NativeMethodAccessorImpl.java:62)
at sun.reflect.DelegatingMethodAccessorImpl.invoke(DelegatingMethodAccessorImpl.java:43)
at java.lang.reflect.Method.invoke(Method.java:498)
at org.testng.internal.MethodInvocationHelper.invokeMethod(MethodInvocationHelper.java:124)
at org.testng.internal.Invoker.invokeMethod(Invoker.java:580)
at org.testng.internal.Invoker.invokeTestMethod(Invoker.java:716)
at org.testng.internal.Invoker.invokeTestMethods(Invoker.java:988)
at org.testng.internal.TestMethodWorker.invokeTestMethods(TestMethodWorker.java:125)
at org.testng.internal.TestMethodWorker.run(TestMethodWorker.java:109)
at org.testng.TestRunner.privateRun(TestRunner.java:648)
at org.testng.TestRunner.run(TestRunner.java:505)
at org.testng.SuiteRunner.runTest(SuiteRunner.java:455)
at org.testng.SuiteRunner.runSequentially(SuiteRunner.java:450)
at org.testng.SuiteRunner.privateRun(SuiteRunner.java:415)
at org.testng.SuiteRunner.run(SuiteRunner.java:364)
at org.testng.SuiteRunnerWorker.runSuite(SuiteRunnerWorker.java:52)
at org.testng.SuiteRunnerWorker.run(SuiteRunnerWorker.java:84)
at org.testng.TestNG.runSuitesSequentially(TestNG.java:1208)
at org.testng.TestNG.runSuitesLocally(TestNG.java:1137)
at org.testng.TestNG.runSuites(TestNG.java:1049)
at org.testng.TestNG.run(TestNG.java:1017)
at org.testng.remote.AbstractRemoteTestNG.run(AbstractRemoteTestNG.java:114)
at org.testng.remote.RemoteTestNG.initAndRun(RemoteTestNG.java:251)
at org.testng.remote.RemoteTestNG.main(RemoteTestNG.java:77)
Caused by: java.lang.AssertionError: The following asserts failed:
Count of rows in verified user report is not equal to the number of users on UI  expected [46] but found [17],
Count of rows in incomplete survey results report is not equal to the number of users on UI  expected [77] but found [72],
TRX_RCVD and processed count is not correct. expected [1] but found [2],
Completed count is not correct. expected [1] but found [0],
Completed percentage is not correct. expected [(100%)] but found [(0%)],
Incompleted count is not correct. expected [0] but found [2],
Incompleted percentage is not correct. expected [(0%)] but found [(100%)],
TRX_RCVD and processed count is not correct. expected [1] but found [5],
Completed count is not correct. expected [1] but found [5],
Completed percentage is not correct. expected [(100%)] but found [100],
Incompleted percentage is not correct. expected [(0%)] but found [0]
at org.testng.asserts.SoftAssert.assertAll(SoftAssert.java:43)
at com.stepdefinitions.ss.CreateCompany.report_should_have_the_correct_value_with_that_of_ui(CreateCompany.java:4481)
at âœ½.Then Report should have the correct value with that of UI(features/CreateCompany.feature:81)
]]>
            </full-stacktrace>
          </exception> <!-- cucumber.runtime.CucumberException -->
          <reporter-output>
          </reporter-output>
        </test-method> <!-- feature -->
        <test-method status="PASS" signature="takeScreenshot(org.testng.ITestResult)[pri:0, instance:com.testrunner.ss.TestRunner@4f970963]" name="takeScreenshot" is-config="true" duration-ms="697" started-at="2019-05-24T05:18:56Z" finished-at="2019-05-24T05:18:56Z">
          <params>
            <param index="0">
              <value>
                <![CDATA[[TestResult name=feature status=FAILURE method=AbstractTestNGCucumberTests.feature(cucumber.api.testng.CucumberFeatureWrapper)[pri:0, instance:com.testrunner.ss.TestRunner@4f970963] output={null}]]]>
              </value>
            </param>
          </params>
          <reporter-output>
          </reporter-output>
        </test-method> <!-- takeScreenshot -->
        <test-method status="PASS" signature="tearDown()[pri:0, instance:com.testrunner.ss.TestRunner@4f970963]" name="tearDown" is-config="true" duration-ms="792" started-at="2019-05-24T05:18:56Z" finished-at="2019-05-24T05:18:57Z">
          <reporter-output>
          </reporter-output>
        </test-method> <!-- tearDown -->
        <test-method status="PASS" signature="tearDownClass()[pri:0, instance:com.testrunner.ss.TestRunner@4f970963]" name="tearDownClass" is-config="true" duration-ms="245" started-at="2019-05-24T05:18:57Z" finished-at="2019-05-24T05:18:57Z">
          <reporter-output>
          </reporter-output>
        </test-method> <!-- tearDownClass -->
      </class> <!-- com.testrunner.ss.TestRunner -->
    </test> <!-- Default test -->
  </suite> <!-- Default suite -->
</testng-results>
